2024-10-20 13:00:02,411 - feature_engineering - INFO - Successfully loaded processed train and test data.
2024-10-20 13:00:02,411 - feature_engineering - INFO - Loaded max_features: 1000
2024-10-20 13:00:02,411 - feature_engineering - INFO - Successfully cleaned the data.
2024-10-20 13:00:02,411 - feature_engineering - INFO - Successfully cleaned the data.
2024-10-20 13:00:02,618 - feature_engineering - INFO - Successfully applied Bag of Words.
2024-10-20 13:00:03,882 - feature_engineering - INFO - Successfully stored BOW features.
2024-10-20 13:21:04,456 - feature_engineering - INFO - Successfully loaded processed train and test data.
2024-10-20 13:21:04,458 - feature_engineering - INFO - Loaded max_features: 500
2024-10-20 13:21:04,461 - feature_engineering - INFO - Successfully cleaned the data.
2024-10-20 13:21:04,462 - feature_engineering - INFO - Successfully cleaned the data.
2024-10-20 13:21:04,530 - feature_engineering - INFO - Successfully applied Bag of Words.
2024-10-20 13:21:04,944 - feature_engineering - INFO - Successfully stored BOW features.
2024-10-20 14:14:48,083 - feature_engineering - INFO - Successfully loaded processed train and test data.
2024-10-20 14:14:48,083 - feature_engineering - INFO - Loaded max_features: 500
2024-10-20 14:14:48,086 - feature_engineering - INFO - Successfully cleaned the data.
2024-10-20 14:14:48,087 - feature_engineering - INFO - Successfully cleaned the data.
2024-10-20 14:14:48,189 - feature_engineering - INFO - Successfully applied Bag of Words.
2024-10-20 14:14:48,594 - feature_engineering - INFO - Successfully stored BOW features.
2024-10-21 17:35:24,383 - feature_engineering - INFO - Successfully loaded processed train and test data.
2024-10-21 17:35:24,383 - feature_engineering - INFO - Loaded max_features: 50
2024-10-21 17:35:24,420 - feature_engineering - INFO - Successfully cleaned the data.
2024-10-21 17:35:24,420 - feature_engineering - INFO - Successfully cleaned the data.
2024-10-21 17:35:24,504 - feature_engineering - INFO - Successfully applied Bag of Words.
2024-10-21 17:35:24,559 - feature_engineering - INFO - Successfully stored BOW features.
2024-10-21 17:51:18,042 - feature_engineering - INFO - Successfully loaded processed train and test data.
2024-10-21 17:51:18,043 - feature_engineering - INFO - Loaded max_features: 100
2024-10-21 17:51:18,045 - feature_engineering - INFO - Successfully cleaned the data.
2024-10-21 17:51:18,046 - feature_engineering - INFO - Successfully cleaned the data.
2024-10-21 17:51:18,102 - feature_engineering - INFO - Successfully applied Bag of Words.
2024-10-21 17:51:18,204 - feature_engineering - INFO - Successfully stored BOW features.
2024-10-21 17:58:16,568 - feature_engineering - INFO - Successfully loaded processed train and test data.
2024-10-21 17:58:16,568 - feature_engineering - INFO - Loaded max_features: 100
2024-10-21 17:58:16,568 - feature_engineering - INFO - Successfully cleaned the data.
2024-10-21 17:58:16,568 - feature_engineering - INFO - Successfully cleaned the data.
2024-10-21 17:58:16,568 - feature_engineering - ERROR - An error occurred while applying BOW: TfidfTransformer.__init__() got an unexpected keyword argument 'max_features'
2024-10-21 17:58:16,568 - feature_engineering - ERROR - An unexpected error occurred in the main function: TfidfTransformer.__init__() got an unexpected keyword argument 'max_features'
2024-10-21 17:59:19,504 - feature_engineering - INFO - Successfully loaded processed train and test data.
2024-10-21 17:59:19,504 - feature_engineering - INFO - Loaded max_features: 100
2024-10-21 17:59:19,504 - feature_engineering - INFO - Successfully cleaned the data.
2024-10-21 17:59:19,504 - feature_engineering - INFO - Successfully cleaned the data.
2024-10-21 17:59:19,583 - feature_engineering - INFO - Successfully applied Bag of Words.
2024-10-21 17:59:19,887 - feature_engineering - INFO - Successfully stored BOW features.
