2024-10-20 12:31:32,113 - data_ingestion - ERROR - The file ././params.yaml was not found.
2024-10-20 12:31:32,113 - data_ingestion - ERROR - An unexpected error occurred in main: [Errno 2] No such file or directory: '././params.yaml'
2024-10-20 12:32:17,997 - data_ingestion - INFO - Test size retrieved successfully.
2024-10-20 12:32:19,676 - data_ingestion - INFO - Data read successfully from the provided URL.
2024-10-20 12:32:19,703 - data_ingestion - INFO - Data processed successfully.
2024-10-20 12:32:19,709 - data_ingestion - INFO - Data split into train and test sets successfully.
2024-10-20 12:32:19,743 - data_ingestion - INFO - Data stored successfully.
2024-10-20 12:38:05,823 - data_ingestion - INFO - Test size retrieved successfully.
2024-10-20 12:38:06,603 - data_ingestion - INFO - Data read successfully from the provided URL.
2024-10-20 12:38:06,618 - data_ingestion - INFO - Data processed successfully.
2024-10-20 12:38:06,618 - data_ingestion - INFO - Data split into train and test sets successfully.
2024-10-20 12:38:06,655 - data_ingestion - INFO - Data stored successfully.
2024-10-20 13:20:57,405 - data_ingestion - INFO - Test size retrieved successfully.
2024-10-20 13:20:58,246 - data_ingestion - INFO - Data read successfully from the provided URL.
2024-10-20 13:20:58,252 - data_ingestion - INFO - Data processed successfully.
2024-10-20 13:20:58,253 - data_ingestion - INFO - Data split into train and test sets successfully.
2024-10-20 13:20:58,288 - data_ingestion - INFO - Data stored successfully.
2024-10-20 14:14:45,216 - data_ingestion - INFO - Test size retrieved successfully.
2024-10-20 14:14:46,257 - data_ingestion - INFO - Data read successfully from the provided URL.
2024-10-20 14:14:46,265 - data_ingestion - INFO - Data processed successfully.
2024-10-20 14:14:46,266 - data_ingestion - INFO - Data split into train and test sets successfully.
2024-10-20 14:14:46,296 - data_ingestion - INFO - Data stored successfully.
2024-10-23 15:55:25,254 - data_ingestion - INFO - Test size retrieved successfully.
2024-10-23 15:55:26,223 - data_ingestion - INFO - Data read successfully from the provided URL.
2024-10-23 15:55:26,253 - data_ingestion - INFO - Data processed successfully.
2024-10-23 15:55:26,268 - data_ingestion - INFO - Data split into train and test sets successfully.
2024-10-23 15:55:26,330 - data_ingestion - INFO - Data stored successfully.
2024-10-24 19:58:00,127 - data_ingestion - INFO - Test size retrieved successfully.
2024-10-24 19:58:03,590 - data_ingestion - INFO - Data read successfully from the provided URL.
2024-10-24 19:58:03,626 - data_ingestion - INFO - Data processed successfully.
2024-10-24 19:58:03,626 - data_ingestion - INFO - Data split into train and test sets successfully.
2024-10-24 19:58:03,701 - data_ingestion - INFO - Data stored successfully.
