2024-10-20 13:12:57,781 - model_building - INFO - Successfully loaded training data.
2024-10-20 13:12:57,781 - model_building - INFO - Loaded parameters: n_estimators=100, learning_rate=0.1
2024-10-20 13:13:05,136 - model_building - INFO - Successfully trained the GradientBoostingClassifier model.
2024-10-20 13:13:05,168 - model_building - INFO - Model successfully saved to {output_path}
2024-10-20 13:21:06,767 - model_building - INFO - Successfully loaded training data.
2024-10-20 13:21:06,767 - model_building - INFO - Loaded parameters: n_estimators=50, learning_rate=0.1
2024-10-20 13:21:08,445 - model_building - INFO - Successfully trained the GradientBoostingClassifier model.
2024-10-20 13:21:08,452 - model_building - INFO - Model successfully saved to {output_path}
2024-10-20 14:14:50,926 - model_building - INFO - Successfully loaded training data.
2024-10-20 14:14:50,927 - model_building - INFO - Loaded parameters: n_estimators=500, learning_rate=0.2
2024-10-20 14:15:15,043 - model_building - INFO - Successfully trained the GradientBoostingClassifier model.
2024-10-20 14:15:15,065 - model_building - INFO - Model successfully saved to {output_path}
2024-10-21 16:16:10,441 - model_building - INFO - Successfully loaded training data.
2024-10-21 16:16:10,442 - model_building - INFO - Loaded parameters: n_estimators=500, learning_rate=0.2
2024-10-21 16:16:31,160 - model_building - INFO - Successfully trained the GradientBoostingClassifier model.
2024-10-21 16:16:31,204 - model_building - INFO - Model successfully saved to ././models
2024-10-21 17:35:27,439 - model_building - INFO - Successfully loaded training data.
2024-10-21 17:35:27,441 - model_building - INFO - Loaded parameters: n_estimators=500, learning_rate=0.2
2024-10-21 17:35:29,874 - model_building - INFO - Successfully trained the GradientBoostingClassifier model.
2024-10-21 17:35:29,874 - model_building - INFO - Model successfully saved to ././models
2024-10-21 17:51:20,186 - model_building - INFO - Successfully loaded training data.
2024-10-21 17:51:20,201 - model_building - INFO - Loaded parameters: n_estimators=500, learning_rate=0.2
2024-10-21 17:51:24,014 - model_building - INFO - Successfully trained the GradientBoostingClassifier model.
2024-10-21 17:51:24,014 - model_building - INFO - Model successfully saved to ././models
2024-10-21 17:59:21,913 - model_building - INFO - Successfully loaded training data.
2024-10-21 17:59:21,915 - model_building - INFO - Loaded parameters: n_estimators=500, learning_rate=0.2
2024-10-21 17:59:28,796 - model_building - INFO - Successfully trained the GradientBoostingClassifier model.
2024-10-21 17:59:28,803 - model_building - INFO - Model successfully saved to ././models
